<?xml version="1.0" encoding="UTF-8"?>
<!-- Generated by org.testng.reporters.JUnitReportReporter -->
<testsuite hostname="KJay-pc" failures="0" tests="3" name="hust.cs.javacourse.search.query.IndexSearcherTest" time="0.001" errors="0" timestamp="11 5æœˆ 2020 13:19:10 GMT" skipped="1">
  <testcase classname="hust.cs.javacourse.search.query.IndexSearcherTest" name="testTestSearch" time="0.000">
    <skipped/>
  </testcase> <!-- testTestSearch -->
  <testcase classname="hust.cs.javacourse.search.query.IndexSearcherTest" name="testSearch" time="0.000"/>
  <testcase classname="hust.cs.javacourse.search.query.IndexSearcherTest" name="testSearch" time="0.001"/>
</testsuite> <!-- hust.cs.javacourse.search.query.IndexSearcherTest -->
