<?xml version="1.0" encoding="UTF-8"?>
<!-- Generated by org.testng.reporters.JUnitReportReporter -->
<testsuite hostname="KJay-pc" failures="0" tests="9" name="hust.cs.javacourse.search.index.TermTest" time="0.019" errors="0" timestamp="11 5æœˆ 2020 13:19:10 GMT" skipped="0">
  <testcase classname="hust.cs.javacourse.search.index.TermTest" name="testCompareTo" time="0.001"/>
  <testcase classname="hust.cs.javacourse.search.index.TermTest" name="testCompareTo" time="0.000"/>
  <testcase classname="hust.cs.javacourse.search.index.TermTest" name="testGetContent" time="0.001"/>
  <testcase classname="hust.cs.javacourse.search.index.TermTest" name="testTestEquals" time="0.000"/>
  <testcase classname="hust.cs.javacourse.search.index.TermTest" name="testSetContent" time="0.000"/>
  <testcase classname="hust.cs.javacourse.search.index.TermTest" name="testWriteObject" time="0.008"/>
  <testcase classname="hust.cs.javacourse.search.index.TermTest" name="testTestEquals" time="0.002"/>
  <testcase classname="hust.cs.javacourse.search.index.TermTest" name="testTestToString" time="0.001"/>
  <testcase classname="hust.cs.javacourse.search.index.TermTest" name="testReadObject" time="0.006"/>
</testsuite> <!-- hust.cs.javacourse.search.index.TermTest -->
